<?xml version="1.0" encoding="UTF-8"?>
<!-- Generated by org.testng.reporters.JUnitXMLReporter -->
<testsuite ignored="0" hostname="Lenovo" failures="10" tests="10" name="Amazon Tests" time="0.861" errors="0" timestamp="2025-04-01T10:00:44 GMT-07:00">
  <testcase classname="com.amazon.automation.LoginTest" name="testLogin" time="0.077">
    <failure type="java.lang.NullPointerException" message="Cannot invoke &amp;quot;org.openqa.selenium.WebDriver.findElement(org.openqa.selenium.By)&amp;quot; because &amp;quot;com.amazon.automation.LoginTest.driver&amp;quot; is null">
      <![CDATA[java.lang.NullPointerException: Cannot invoke "org.openqa.selenium.WebDriver.findElement(org.openqa.selenium.By)" because "com.amazon.automation.LoginTest.driver" is null
at com.amazon.automation.LoginTest.testLogin(LoginTest.java:9)
at java.base/java.util.ArrayList.forEach(ArrayList.java:1596)
... Removed 25 stack frames]]>
    </failure>
  </testcase> <!-- testLogin -->
  <testcase classname="com.amazon.automation.LoginTest" name="testLogout" time="0.014">
    <failure type="java.lang.NullPointerException" message="Cannot invoke &amp;quot;org.openqa.selenium.WebDriver.findElement(org.openqa.selenium.By)&amp;quot; because &amp;quot;com.amazon.automation.LoginTest.driver&amp;quot; is null">
      <![CDATA[java.lang.NullPointerException: Cannot invoke "org.openqa.selenium.WebDriver.findElement(org.openqa.selenium.By)" because "com.amazon.automation.LoginTest.driver" is null
at com.amazon.automation.LoginTest.testLogout(LoginTest.java:21)
at java.base/java.util.ArrayList.forEach(ArrayList.java:1596)
... Removed 25 stack frames]]>
    </failure>
  </testcase> <!-- testLogout -->
  <testcase classname="com.amazon.automation.ForgotPassword" name="testForgotPassword" time="0.008">
    <failure type="java.lang.NullPointerException" message="Cannot invoke &amp;quot;org.openqa.selenium.WebDriver.findElement(org.openqa.selenium.By)&amp;quot; because &amp;quot;com.amazon.automation.ForgotPassword.driver&amp;quot; is null">
      <![CDATA[java.lang.NullPointerException: Cannot invoke "org.openqa.selenium.WebDriver.findElement(org.openqa.selenium.By)" because "com.amazon.automation.ForgotPassword.driver" is null
at com.amazon.automation.ForgotPassword.testForgotPassword(ForgotPassword.java:8)
at java.base/java.util.ArrayList.forEach(ArrayList.java:1596)
... Removed 25 stack frames]]>
    </failure>
  </testcase> <!-- testForgotPassword -->
  <testcase classname="com.amazon.automation.Search_Add_To_Cart" name="searchProduct" time="0.054">
    <failure type="java.lang.NullPointerException" message="Cannot invoke &amp;quot;org.openqa.selenium.WebDriver.findElement(org.openqa.selenium.By)&amp;quot; because &amp;quot;com.amazon.automation.Search_Add_To_Cart.driver&amp;quot; is null">
      <![CDATA[java.lang.NullPointerException: Cannot invoke "org.openqa.selenium.WebDriver.findElement(org.openqa.selenium.By)" because "com.amazon.automation.Search_Add_To_Cart.driver" is null
at com.amazon.automation.Search_Add_To_Cart.searchProduct(Search_Add_To_Cart.java:10)
at java.base/java.util.ArrayList.forEach(ArrayList.java:1596)
... Removed 25 stack frames]]>
    </failure>
  </testcase> <!-- searchProduct -->
  <testcase classname="com.amazon.automation.Search_Add_To_Cart" name="addProductsToCart" time="0.009">
    <failure type="java.lang.NullPointerException" message="Cannot invoke &amp;quot;org.openqa.selenium.WebDriver.findElement(org.openqa.selenium.By)&amp;quot; because &amp;quot;com.amazon.automation.Search_Add_To_Cart.driver&amp;quot; is null">
      <![CDATA[java.lang.NullPointerException: Cannot invoke "org.openqa.selenium.WebDriver.findElement(org.openqa.selenium.By)" because "com.amazon.automation.Search_Add_To_Cart.driver" is null
at com.amazon.automation.Search_Add_To_Cart.addProductsToCart(Search_Add_To_Cart.java:18)
at java.base/java.util.ArrayList.forEach(ArrayList.java:1596)
... Removed 25 stack frames]]>
    </failure>
  </testcase> <!-- addProductsToCart -->
  <testcase classname="com.amazon.automation.Automate_Address" name="addAddress" time="0.017">
    <failure type="java.lang.NullPointerException" message="Cannot invoke &amp;quot;org.openqa.selenium.WebDriver.findElement(org.openqa.selenium.By)&amp;quot; because &amp;quot;com.amazon.automation.Automate_Address.driver&amp;quot; is null">
      <![CDATA[java.lang.NullPointerException: Cannot invoke "org.openqa.selenium.WebDriver.findElement(org.openqa.selenium.By)" because "com.amazon.automation.Automate_Address.driver" is null
at com.amazon.automation.Automate_Address.addAddress(Automate_Address.java:8)
at java.base/java.util.ArrayList.forEach(ArrayList.java:1596)
... Removed 25 stack frames]]>
    </failure>
  </testcase> <!-- addAddress -->
  <testcase classname="com.amazon.automation.Automate_Checkout_Review" name="proceedToCheckout" time="0.018">
    <failure type="java.lang.NullPointerException" message="Cannot invoke &amp;quot;org.openqa.selenium.WebDriver.findElement(org.openqa.selenium.By)&amp;quot; because &amp;quot;com.amazon.automation.Automate_Checkout_Review.driver&amp;quot; is null">
      <![CDATA[java.lang.NullPointerException: Cannot invoke "org.openqa.selenium.WebDriver.findElement(org.openqa.selenium.By)" because "com.amazon.automation.Automate_Checkout_Review.driver" is null
at com.amazon.automation.Automate_Checkout_Review.proceedToCheckout(Automate_Checkout_Review.java:8)
at java.base/java.util.ArrayList.forEach(ArrayList.java:1596)
... Removed 25 stack frames]]>
    </failure>
  </testcase> <!-- proceedToCheckout -->
  <testcase classname="com.amazon.automation.Automate_Checkout_Review" name="reviewProduct" time="0.017">
    <failure type="java.lang.NullPointerException" message="Cannot invoke &amp;quot;org.openqa.selenium.WebDriver.findElement(org.openqa.selenium.By)&amp;quot; because &amp;quot;com.amazon.automation.Automate_Checkout_Review.driver&amp;quot; is null">
      <![CDATA[java.lang.NullPointerException: Cannot invoke "org.openqa.selenium.WebDriver.findElement(org.openqa.selenium.By)" because "com.amazon.automation.Automate_Checkout_Review.driver" is null
at com.amazon.automation.Automate_Checkout_Review.reviewProduct(Automate_Checkout_Review.java:14)
at java.base/java.util.ArrayList.forEach(ArrayList.java:1596)
... Removed 25 stack frames]]>
    </failure>
  </testcase> <!-- reviewProduct -->
  <testcase classname="com.amazon.automation.Automate_Payementoption" name="addPaymentMethod" time="0.008">
    <failure type="java.lang.NullPointerException" message="Cannot invoke &amp;quot;org.openqa.selenium.WebDriver.findElement(org.openqa.selenium.By)&amp;quot; because &amp;quot;com.amazon.automation.Automate_Payementoption.driver&amp;quot; is null">
      <![CDATA[java.lang.NullPointerException: Cannot invoke "org.openqa.selenium.WebDriver.findElement(org.openqa.selenium.By)" because "com.amazon.automation.Automate_Payementoption.driver" is null
at com.amazon.automation.Automate_Payementoption.addPaymentMethod(Automate_Payementoption.java:9)
at java.base/java.util.ArrayList.forEach(ArrayList.java:1596)
... Removed 25 stack frames]]>
    </failure>
  </testcase> <!-- addPaymentMethod -->
  <testcase classname="com.amazon.automation.Automate_Payementoption" name="selectPaymentAtCheckout" time="0.011">
    <failure type="java.lang.NullPointerException" message="Cannot invoke &amp;quot;org.openqa.selenium.WebDriver.findElement(org.openqa.selenium.By)&amp;quot; because &amp;quot;com.amazon.automation.Automate_Payementoption.driver&amp;quot; is null">
      <![CDATA[java.lang.NullPointerException: Cannot invoke "org.openqa.selenium.WebDriver.findElement(org.openqa.selenium.By)" because "com.amazon.automation.Automate_Payementoption.driver" is null
at com.amazon.automation.Automate_Payementoption.selectPaymentAtCheckout(Automate_Payementoption.java:34)
at java.base/java.util.ArrayList.forEach(ArrayList.java:1596)
... Removed 25 stack frames]]>
    </failure>
  </testcase> <!-- selectPaymentAtCheckout -->
</testsuite> <!-- Amazon Tests -->
