<!DOCTYPE html PUBLIC "-//W3C//DTD XHTML 1.1//EN" "https://www.w3.org/TR/xhtml11/DTD/xhtml11.dtd">
<html xmlns="https://www.w3.org/1999/xhtml">
<head>
<meta http-equiv="content-type" content="text/html; charset=UTF-8"/>
<title>TestNG Report</title>
<style type="text/css">table {margin-bottom:10px;border-collapse:collapse;empty-cells:show}th,td {border:1px solid #009;padding:.25em .5em}th {vertical-align:bottom}td {vertical-align:top}table a {font-weight:bold}.stripe td {background-color: #E6EBF9}.num {text-align:right}.passedodd td {background-color: #3F3}.passedeven td {background-color: #0A0}.skippedodd td {background-color: #DDD}.skippedeven td {background-color: #CCC}.failedodd td,.attn {background-color: #F33}.failedeven td,.stripe .attn {background-color: #D00}.stacktrace {white-space:pre;font-family:monospace}.totop {font-size:85%;text-align:center;border-bottom:2px solid #000}.invisible {display:none}</style>
</head>
<body>
<table>
<tr><th>Test</th><th># Passed</th><th># Skipped</th><th># Retried</th><th># Failed</th><th>Time (ms)</th><th>Included Groups</th><th>Excluded Groups</th></tr>
<tr><th colspan="8">AmazonAutomationSuite</th></tr>
<tr><td><a href="#t0">Amazon Tests</a></td><td class="num">0</td><td class="num">0</td><td class="num">0</td><td class="num attn">10</td><td class="num">861</td><td></td><td></td></tr>
</table>
<table id='summary'><thead><tr><th>Class</th><th>Method</th><th>Start</th><th>Time (ms)</th></tr></thead><tbody><tr><th colspan="4">AmazonAutomationSuite</th></tr></tbody><tbody id="t0"><tr><th colspan="4">Amazon Tests &#8212; failed</th></tr><tr class="failedeven"><td rowspan="1">com.amazon.automation.Automate_Address</td><td><a href="#m0">addAddress</a></td><td rowspan="1">1743526843652</td><td rowspan="1">17</td></tr><tr class="failedodd"><td rowspan="2">com.amazon.automation.Automate_Checkout_Review</td><td><a href="#m1">proceedToCheckout</a></td><td rowspan="1">1743526843710</td><td rowspan="1">18</td></tr><tr class="failedodd"><td><a href="#m2">reviewProduct</a></td><td rowspan="1">1743526843776</td><td rowspan="1">17</td></tr><tr class="failedeven"><td rowspan="2">com.amazon.automation.Automate_Payementoption</td><td><a href="#m3">addPaymentMethod</a></td><td rowspan="1">1743526843837</td><td rowspan="1">8</td></tr><tr class="failedeven"><td><a href="#m4">selectPaymentAtCheckout</a></td><td rowspan="1">1743526843902</td><td rowspan="1">11</td></tr><tr class="failedodd"><td rowspan="1">com.amazon.automation.ForgotPassword</td><td><a href="#m5">testForgotPassword</a></td><td rowspan="1">1743526843497</td><td rowspan="1">8</td></tr><tr class="failedeven"><td rowspan="2">com.amazon.automation.LoginTest</td><td><a href="#m6">testLogin</a></td><td rowspan="1">1743526843316</td><td rowspan="1">77</td></tr><tr class="failedeven"><td><a href="#m7">testLogout</a></td><td rowspan="1">1743526843432</td><td rowspan="1">14</td></tr><tr class="failedodd"><td rowspan="2">com.amazon.automation.Search_Add_To_Cart</td><td><a href="#m8">addProductsToCart</a></td><td rowspan="1">1743526843606</td><td rowspan="1">9</td></tr><tr class="failedodd"><td><a href="#m9">searchProduct</a></td><td rowspan="1">1743526843527</td><td rowspan="1">54</td></tr></tbody>
</table>
<h2>Amazon Tests</h2><h3 id="m0">com.amazon.automation.Automate_Address#addAddress</h3><table class="result"><tr><th>Exception</th></tr><tr><td><div class="stacktrace">java.lang.NullPointerException: Cannot invoke &quot;org.openqa.selenium.WebDriver.findElement(org.openqa.selenium.By)&quot; because &quot;com.amazon.automation.Automate_Address.driver&quot; is null
	at com.amazon.automation.Automate_Address.addAddress(Automate_Address.java:8)
	at java.base/java.util.ArrayList.forEach(ArrayList.java:1596)
... Removed 25 stack frames</div></td></tr></table><p class="totop"><a href="#summary">back to summary</a></p>
<h3 id="m1">com.amazon.automation.Automate_Checkout_Review#proceedToCheckout</h3><table class="result"><tr><th>Exception</th></tr><tr><td><div class="stacktrace">java.lang.NullPointerException: Cannot invoke &quot;org.openqa.selenium.WebDriver.findElement(org.openqa.selenium.By)&quot; because &quot;com.amazon.automation.Automate_Checkout_Review.driver&quot; is null
	at com.amazon.automation.Automate_Checkout_Review.proceedToCheckout(Automate_Checkout_Review.java:8)
	at java.base/java.util.ArrayList.forEach(ArrayList.java:1596)
... Removed 25 stack frames</div></td></tr></table><p class="totop"><a href="#summary">back to summary</a></p>
<h3 id="m2">com.amazon.automation.Automate_Checkout_Review#reviewProduct</h3><table class="result"><tr><th>Exception</th></tr><tr><td><div class="stacktrace">java.lang.NullPointerException: Cannot invoke &quot;org.openqa.selenium.WebDriver.findElement(org.openqa.selenium.By)&quot; because &quot;com.amazon.automation.Automate_Checkout_Review.driver&quot; is null
	at com.amazon.automation.Automate_Checkout_Review.reviewProduct(Automate_Checkout_Review.java:14)
	at java.base/java.util.ArrayList.forEach(ArrayList.java:1596)
... Removed 25 stack frames</div></td></tr></table><p class="totop"><a href="#summary">back to summary</a></p>
<h3 id="m3">com.amazon.automation.Automate_Payementoption#addPaymentMethod</h3><table class="result"><tr><th>Exception</th></tr><tr><td><div class="stacktrace">java.lang.NullPointerException: Cannot invoke &quot;org.openqa.selenium.WebDriver.findElement(org.openqa.selenium.By)&quot; because &quot;com.amazon.automation.Automate_Payementoption.driver&quot; is null
	at com.amazon.automation.Automate_Payementoption.addPaymentMethod(Automate_Payementoption.java:9)
	at java.base/java.util.ArrayList.forEach(ArrayList.java:1596)
... Removed 25 stack frames</div></td></tr></table><p class="totop"><a href="#summary">back to summary</a></p>
<h3 id="m4">com.amazon.automation.Automate_Payementoption#selectPaymentAtCheckout</h3><table class="result"><tr><th>Exception</th></tr><tr><td><div class="stacktrace">java.lang.NullPointerException: Cannot invoke &quot;org.openqa.selenium.WebDriver.findElement(org.openqa.selenium.By)&quot; because &quot;com.amazon.automation.Automate_Payementoption.driver&quot; is null
	at com.amazon.automation.Automate_Payementoption.selectPaymentAtCheckout(Automate_Payementoption.java:34)
	at java.base/java.util.ArrayList.forEach(ArrayList.java:1596)
... Removed 25 stack frames</div></td></tr></table><p class="totop"><a href="#summary">back to summary</a></p>
<h3 id="m5">com.amazon.automation.ForgotPassword#testForgotPassword</h3><table class="result"><tr><th>Exception</th></tr><tr><td><div class="stacktrace">java.lang.NullPointerException: Cannot invoke &quot;org.openqa.selenium.WebDriver.findElement(org.openqa.selenium.By)&quot; because &quot;com.amazon.automation.ForgotPassword.driver&quot; is null
	at com.amazon.automation.ForgotPassword.testForgotPassword(ForgotPassword.java:8)
	at java.base/java.util.ArrayList.forEach(ArrayList.java:1596)
... Removed 25 stack frames</div></td></tr></table><p class="totop"><a href="#summary">back to summary</a></p>
<h3 id="m6">com.amazon.automation.LoginTest#testLogin</h3><table class="result"><tr><th>Exception</th></tr><tr><td><div class="stacktrace">java.lang.NullPointerException: Cannot invoke &quot;org.openqa.selenium.WebDriver.findElement(org.openqa.selenium.By)&quot; because &quot;com.amazon.automation.LoginTest.driver&quot; is null
	at com.amazon.automation.LoginTest.testLogin(LoginTest.java:9)
	at java.base/java.util.ArrayList.forEach(ArrayList.java:1596)
... Removed 25 stack frames</div></td></tr></table><p class="totop"><a href="#summary">back to summary</a></p>
<h3 id="m7">com.amazon.automation.LoginTest#testLogout</h3><table class="result"><tr><th>Exception</th></tr><tr><td><div class="stacktrace">java.lang.NullPointerException: Cannot invoke &quot;org.openqa.selenium.WebDriver.findElement(org.openqa.selenium.By)&quot; because &quot;com.amazon.automation.LoginTest.driver&quot; is null
	at com.amazon.automation.LoginTest.testLogout(LoginTest.java:21)
	at java.base/java.util.ArrayList.forEach(ArrayList.java:1596)
... Removed 25 stack frames</div></td></tr></table><p class="totop"><a href="#summary">back to summary</a></p>
<h3 id="m8">com.amazon.automation.Search_Add_To_Cart#addProductsToCart</h3><table class="result"><tr><th>Exception</th></tr><tr><td><div class="stacktrace">java.lang.NullPointerException: Cannot invoke &quot;org.openqa.selenium.WebDriver.findElement(org.openqa.selenium.By)&quot; because &quot;com.amazon.automation.Search_Add_To_Cart.driver&quot; is null
	at com.amazon.automation.Search_Add_To_Cart.addProductsToCart(Search_Add_To_Cart.java:18)
	at java.base/java.util.ArrayList.forEach(ArrayList.java:1596)
... Removed 25 stack frames</div></td></tr></table><p class="totop"><a href="#summary">back to summary</a></p>
<h3 id="m9">com.amazon.automation.Search_Add_To_Cart#searchProduct</h3><table class="result"><tr><th>Exception</th></tr><tr><td><div class="stacktrace">java.lang.NullPointerException: Cannot invoke &quot;org.openqa.selenium.WebDriver.findElement(org.openqa.selenium.By)&quot; because &quot;com.amazon.automation.Search_Add_To_Cart.driver&quot; is null
	at com.amazon.automation.Search_Add_To_Cart.searchProduct(Search_Add_To_Cart.java:10)
	at java.base/java.util.ArrayList.forEach(ArrayList.java:1596)
... Removed 25 stack frames</div></td></tr></table><p class="totop"><a href="#summary">back to summary</a></p>
</body>
</html>
